<?xml version="1.0" encoding="UTF-8" ?>
<testsuite errors="0" failures="0" hostname="BarrysLenovoPC" name="com.javapowertools.taxcalculator.TaxCalculatorTest" skipped="0" tests="10" time="0.311" timestamp="2020-10-20T12:48:28">
  <properties>
[...]
</properties>
  <testcase classname="com.javapowertools.taxcalculator.TaxCalculatorTest" name="calculateTax[0]" time="0.037" />
  <testcase classname="com.javapowertools.taxcalculator.TaxCalculatorTest" name="calculateTax[1]" time="0.001" />
  <testcase classname="com.javapowertools.taxcalculator.TaxCalculatorTest" name="calculateTax[2]" time="0.001" />
  <testcase classname="com.javapowertools.taxcalculator.TaxCalculatorTest" name="calculateTax[3]" time="0.001" />
  <testcase classname="com.javapowertools.taxcalculator.TaxCalculatorTest" name="calculateTax[4]" time="0.0" />
  <testcase classname="com.javapowertools.taxcalculator.TaxCalculatorTest" name="calculateTax[5]" time="0.001" />
  <testcase classname="com.javapowertools.taxcalculator.TaxCalculatorTest" name="calculateTax[6]" time="0.0" />
  <testcase classname="com.javapowertools.taxcalculator.TaxCalculatorTest" name="calculateTax[7]" time="0.001" />
  <testcase classname="com.javapowertools.taxcalculator.TaxCalculatorTest" name="calculateTax[8]" time="0.001" />
  <testcase classname="com.javapowertools.taxcalculator.TaxCalculatorTest" name="calculateTax[9]" time="0.001" />
  <system-out><![CDATA[]]></system-out>
  <system-err><![CDATA[]]></system-err>
</testsuite>
